# JRE version: OpenJDK Runtime Environment (11.0.6+10) (build 11.0.6+10)
# Java VM: OpenJDK 64-Bit Server VM (11.0.6+10, mixed mode, tiered, compressed oops, g1 gc, linux-amd64)
Heap:
 garbage-first heap   total 76800K, used 11649K [0x00000000d2200000, 0x0000000100000000)
  region size 1024K, 1 young (1024K), 1 survivors (1024K)
 Metaspace       used 15296K, capacity 15693K, committed 15872K, reserved 1062912K
  class space    used 1619K, capacity 1742K, committed 1792K, reserved 1048576K
GC Heap History (20 events):
Event: 9.777 GC heap after
{Heap after GC invocations=13 (full 0):
 garbage-first heap   total 16384K, used 5252K [0x00000000d2200000, 0x0000000100000000)
  region size 1024K, 1 young (1024K), 1 survivors (1024K)
 Metaspace       used 13825K, capacity 14163K, committed 14464K, reserved 1062912K
  class space    used 1473K, capacity 1576K, committed 1664K, reserved 1048576K
}
Event: 9.799 GC heap before
{Heap before GC invocations=13 (full 0):
 garbage-first heap   total 16384K, used 8324K [0x00000000d2200000, 0x0000000100000000)
  region size 1024K, 4 young (4096K), 1 survivors (1024K)
 Metaspace       used 13825K, capacity 14163K, committed 14464K, reserved 1062912K
  class space    used 1473K, capacity 1576K, committed 1664K, reserved 1048576K
}
Event: 9.806 GC heap after
{Heap after GC invocations=14 (full 0):
 garbage-first heap   total 16384K, used 5471K [0x00000000d2200000, 0x0000000100000000)
  region size 1024K, 1 young (1024K), 1 survivors (1024K)
 Metaspace       used 13825K, capacity 14163K, committed 14464K, reserved 1062912K
  class space    used 1473K, capacity 1576K, committed 1664K, reserved 1048576K
}
Event: 10.438 GC heap before
{Heap before GC invocations=14 (full 0):
 garbage-first heap   total 16384K, used 8543K [0x00000000d2200000, 0x0000000100000000)
  region size 1024K, 4 young (4096K), 1 survivors (1024K)
 Metaspace       used 13878K, capacity 14164K, committed 14464K, reserved 1062912K
  class space    used 1477K, capacity 1576K, committed 1664K, reserved 1048576K
}
Event: 10.443 GC heap after
{Heap after GC invocations=15 (full 0):
 garbage-first heap   total 16384K, used 6293K [0x00000000d2200000, 0x0000000100000000)
  region size 1024K, 1 young (1024K), 1 survivors (1024K)
 Metaspace       used 13878K, capacity 14164K, committed 14464K, reserved 1062912K
  class space    used 1477K, capacity 1576K, committed 1664K, reserved 1048576K
}
Event: 10.457 GC heap before
{Heap before GC invocations=15 (full 0):
 garbage-first heap   total 16384K, used 9365K [0x00000000d2200000, 0x0000000100000000)
  region size 1024K, 4 young (4096K), 1 survivors (1024K)
 Metaspace       used 13878K, capacity 14164K, committed 14464K, reserved 1062912K
  class space    used 1477K, capacity 1576K, committed 1664K, reserved 1048576K
}
Event: 10.462 GC heap after
{Heap after GC invocations=16 (full 0):
 garbage-first heap   total 16384K, used 6763K [0x00000000d2200000, 0x0000000100000000)
  region size 1024K, 1 young (1024K), 1 survivors (1024K)
 Metaspace       used 13878K, capacity 14164K, committed 14464K, reserved 1062912K
  class space    used 1477K, capacity 1576K, committed 1664K, reserved 1048576K
}
Event: 11.251 GC heap before
{Heap before GC invocations=16 (full 0):
 garbage-first heap   total 16384K, used 9835K [0x00000000d2200000, 0x0000000100000000)
  region size 1024K, 4 young (4096K), 1 survivors (1024K)
 Metaspace       used 13945K, capacity 14246K, committed 14464K, reserved 1062912K
  class space    used 1482K, capacity 1582K, committed 1664K, reserved 1048576K
}
Event: 11.257 GC heap after
{Heap after GC invocations=17 (full 0):
 garbage-first heap   total 16384K, used 7242K [0x00000000d2200000, 0x0000000100000000)
  region size 1024K, 1 young (1024K), 1 survivors (1024K)
 Metaspace       used 13945K, capacity 14246K, committed 14464K, reserved 1062912K
  class space    used 1482K, capacity 1582K, committed 1664K, reserved 1048576K
}
Event: 12.314 GC heap before
{Heap before GC invocations=17 (full 0):
 garbage-first heap   total 16384K, used 9290K [0x00000000d2200000, 0x0000000100000000)
  region size 1024K, 4 young (4096K), 1 survivors (1024K)
 Metaspace       used 14037K, capacity 14395K, committed 14720K, reserved 1062912K
  class space    used 1487K, capacity 1588K, committed 1664K, reserved 1048576K
}
Event: 12.323 GC heap after
{Heap after GC invocations=18 (full 0):
 garbage-first heap   total 25600K, used 8155K [0x00000000d2200000, 0x0000000100000000)
  region size 1024K, 1 young (1024K), 1 survivors (1024K)
 Metaspace       used 14037K, capacity 14395K, committed 14720K, reserved 1062912K
  class space    used 1487K, capacity 1588K, committed 1664K, reserved 1048576K
}
Event: 17.444 GC heap before
{Heap before GC invocations=18 (full 0):
 garbage-first heap   total 25600K, used 13275K [0x00000000d2200000, 0x0000000100000000)
  region size 1024K, 6 young (6144K), 1 survivors (1024K)
 Metaspace       used 14803K, capacity 15145K, committed 15360K, reserved 1062912K
  class space    used 1581K, capacity 1689K, committed 1792K, reserved 1048576K
}
Event: 18.749 GC heap after
{Heap after GC invocations=19 (full 0):
 garbage-first heap   total 25600K, used 9148K [0x00000000d2200000, 0x0000000100000000)
  region size 1024K, 1 young (1024K), 1 survivors (1024K)
 Metaspace       used 14803K, capacity 15145K, committed 15360K, reserved 1062912K
  class space    used 1581K, capacity 1689K, committed 1792K, reserved 1048576K
}
Event: 18.936 GC heap before
{Heap before GC invocations=19 (full 0):
 garbage-first heap   total 25600K, used 10172K [0x00000000d2200000, 0x0000000100000000)
  region size 1024K, 2 young (2048K), 1 survivors (1024K)
 Metaspace       used 14887K, capacity 15217K, committed 15360K, reserved 1062912K
  class space    used 1585K, capacity 1692K, committed 1792K, reserved 1048576K
}
Event: 18.958 GC heap after
{Heap after GC invocations=20 (full 0):
 garbage-first heap   total 25600K, used 9409K [0x00000000d2200000, 0x0000000100000000)
  region size 1024K, 1 young (1024K), 1 survivors (1024K)
 Metaspace       used 14887K, capacity 15217K, committed 15360K, reserved 1062912K
  class space    used 1585K, capacity 1692K, committed 1792K, reserved 1048576K
}
Event: 20.795 GC heap before
{Heap before GC invocations=20 (full 0):
 garbage-first heap   total 25600K, used 13505K [0x00000000d2200000, 0x0000000100000000)
  region size 1024K, 5 young (5120K), 1 survivors (1024K)
 Metaspace       used 14972K, capacity 15285K, committed 15616K, reserved 1062912K
  class space    used 1585K, capacity 1692K, committed 1792K, reserved 1048576K
}
Event: 20.802 GC heap after
{Heap after GC invocations=21 (full 0):
 garbage-first heap   total 25600K, used 9643K [0x00000000d2200000, 0x0000000100000000)
  region size 1024K, 1 young (1024K), 1 survivors (1024K)
 Metaspace       used 14972K, capacity 15285K, committed 15616K, reserved 1062912K
  class space    used 1585K, capacity 1692K, committed 1792K, reserved 1048576K
}
Event: 48.582 GC heap before
{Heap before GC invocations=21 (full 0):
 garbage-first heap   total 25600K, used 14763K [0x00000000d2200000, 0x0000000100000000)
  region size 1024K, 6 young (6144K), 1 survivors (1024K)
 Metaspace       used 15278K, capacity 15626K, committed 15872K, reserved 1062912K
  class space    used 1618K, capacity 1741K, committed 1792K, reserved 1048576K
}
Event: 54.675 GC heap after
{Heap after GC invocations=22 (full 0):
 garbage-first heap   total 25600K, used 11346K [0x00000000d2200000, 0x0000000100000000)
  region size 1024K, 1 young (1024K), 1 survivors (1024K)
 Metaspace       used 15278K, capacity 15626K, committed 15872K, reserved 1062912K
  class space    used 1618K, capacity 1741K, committed 1792K, reserved 1048576K
}
Event: 61.041 GC heap before
{Heap before GC invocations=22 (full 0):
 garbage-first heap   total 25600K, used 12370K [0x00000000d2200000, 0x0000000100000000)
  region size 1024K, 2 young (2048K), 1 survivors (1024K)
 Metaspace       used 15296K, capacity 15693K, committed 15872K, reserved 1062912K
  class space    used 1619K, capacity 1742K, committed 1792K, reserved 1048576K
}

